[0m20:17:29.650903 [debug] [MainThread]: Sending event: {'category': 'dbt', 'action': 'invocation', 'label': 'start', 'context': [<snowplow_tracker.self_describing_json.SelfDescribingJson object at 0x000001851DF067B0>, <snowplow_tracker.self_describing_json.SelfDescribingJson object at 0x000001851EA40190>, <snowplow_tracker.self_describing_json.SelfDescribingJson object at 0x0000018520057B10>]}


============================== 20:17:29.655064 | 5edd0704-fbfc-4028-914a-88fa5d6e58db ==============================
[0m20:17:29.655064 [info ] [MainThread]: Running with dbt=1.10.4
[0m20:17:29.655695 [debug] [MainThread]: running dbt with arguments {'printer_width': '80', 'indirect_selection': 'eager', 'write_json': 'True', 'log_cache_events': 'False', 'partial_parse': 'True', 'cache_selected_only': 'False', 'profiles_dir': 'C:\\Users\\aniru\\.dbt', 'fail_fast': 'False', 'debug': 'False', 'log_path': 'logs', 'warn_error': 'None', 'version_check': 'True', 'use_colors': 'True', 'use_experimental_parser': 'False', 'no_print': 'None', 'quiet': 'False', 'empty': 'None', 'warn_error_options': 'WarnErrorOptionsV2(error=[], warn=[], silence=[])', 'static_parser': 'True', 'log_format': 'default', 'invocation_command': 'dbt init airbnb', 'target_path': 'None', 'introspect': 'True', 'send_anonymous_usage_stats': 'True'}
[0m20:17:29.673811 [debug] [MainThread]: Starter project path: C:\Users\aniru\AppData\Local\Programs\Python\Python313\Lib\site-packages\dbt\include\starter_project
[0m20:17:29.682363 [info ] [MainThread]: 
Your new dbt project "airbnb" was created!

For more information on how to configure the profiles.yml file,
please consult the dbt documentation here:

  https://docs.getdbt.com/docs/configure-your-profile

One more thing:

Need help? Don't hesitate to reach out to us via GitHub issues or on Slack:

  https://community.getdbt.com/

Happy modeling!

[0m20:17:29.682816 [info ] [MainThread]: Setting up your profile.
[0m20:20:48.018054 [info ] [MainThread]: Profile airbnb written to C:\Users\aniru\.dbt\profiles.yml using target's profile_template.yml and your supplied values. Run 'dbt debug' to validate the connection.
[0m20:20:48.019811 [debug] [MainThread]: Command `dbt init` succeeded at 20:20:48.019641 after 198.49 seconds
[0m20:20:48.020275 [debug] [MainThread]: Sending event: {'category': 'dbt', 'action': 'invocation', 'label': 'end', 'context': [<snowplow_tracker.self_describing_json.SelfDescribingJson object at 0x000001852FE2FE10>, <snowplow_tracker.self_describing_json.SelfDescribingJson object at 0x0000018530ED0290>, <snowplow_tracker.self_describing_json.SelfDescribingJson object at 0x000001852FE52030>]}
[0m20:20:48.020787 [debug] [MainThread]: Flushing usage events
[0m20:20:48.997265 [debug] [MainThread]: An error was encountered while trying to flush usage events
[0m20:21:35.251440 [debug] [MainThread]: Sending event: {'category': 'dbt', 'action': 'invocation', 'label': 'start', 'context': [<snowplow_tracker.self_describing_json.SelfDescribingJson object at 0x000002CF94CE67B0>, <snowplow_tracker.self_describing_json.SelfDescribingJson object at 0x000002CF95820190>, <snowplow_tracker.self_describing_json.SelfDescribingJson object at 0x000002CF95E5BB10>]}


============================== 20:21:35.255427 | d96247e8-981b-48ed-b73e-b6d254658e28 ==============================
[0m20:21:35.255427 [info ] [MainThread]: Running with dbt=1.10.4
[0m20:21:35.256112 [debug] [MainThread]: running dbt with arguments {'printer_width': '80', 'indirect_selection': 'eager', 'log_cache_events': 'False', 'write_json': 'True', 'partial_parse': 'True', 'cache_selected_only': 'False', 'warn_error': 'None', 'version_check': 'True', 'fail_fast': 'False', 'log_path': 'logs', 'debug': 'False', 'profiles_dir': 'C:\\Users\\aniru\\.dbt', 'use_colors': 'True', 'use_experimental_parser': 'False', 'no_print': 'None', 'quiet': 'False', 'empty': 'None', 'log_format': 'default', 'static_parser': 'True', 'introspect': 'True', 'warn_error_options': 'WarnErrorOptionsV2(error=[], warn=[], silence=[])', 'target_path': 'None', 'invocation_command': 'dbt debug', 'send_anonymous_usage_stats': 'True'}
[0m20:21:35.275917 [info ] [MainThread]: dbt version: 1.10.4
[0m20:21:35.276399 [info ] [MainThread]: python version: 3.13.1
[0m20:21:35.276774 [info ] [MainThread]: python path: C:\Users\aniru\AppData\Local\Programs\Python\Python313\python.exe
[0m20:21:35.277113 [info ] [MainThread]: os info: Windows-11-10.0.26100-SP0
[0m20:21:36.172197 [info ] [MainThread]: Using profiles dir at C:\Users\aniru\.dbt
[0m20:21:36.172844 [info ] [MainThread]: Using profiles.yml file at C:\Users\aniru\.dbt\profiles.yml
[0m20:21:36.173370 [info ] [MainThread]: Using dbt_project.yml file at S:\data-analytics\DBT\dbt_project.yml
[0m20:21:36.174752 [info ] [MainThread]: adapter type: snowflake
[0m20:21:36.175249 [info ] [MainThread]: adapter version: 1.9.0
[0m20:21:36.175768 [info ] [MainThread]: Configuration:
[0m20:21:36.176232 [info ] [MainThread]:   profiles.yml file [[32mOK found and valid[0m]
[0m20:21:36.176697 [info ] [MainThread]:   dbt_project.yml file [[31mERROR not found[0m]
[0m20:21:36.177120 [info ] [MainThread]: Required dependencies:
[0m20:21:36.177699 [debug] [MainThread]: Executing "git --help"
[0m20:21:36.217844 [debug] [MainThread]: STDOUT: "b"usage: git [-v | --version] [-h | --help] [-C <path>] [-c <name>=<value>]\n           [--exec-path[=<path>]] [--html-path] [--man-path] [--info-path]\n           [-p | --paginate | -P | --no-pager] [--no-replace-objects] [--no-lazy-fetch]\n           [--no-optional-locks] [--no-advice] [--bare] [--git-dir=<path>]\n           [--work-tree=<path>] [--namespace=<name>] [--config-env=<name>=<envvar>]\n           <command> [<args>]\n\nThese are common Git commands used in various situations:\n\nstart a working area (see also: git help tutorial)\n   clone      Clone a repository into a new directory\n   init       Create an empty Git repository or reinitialize an existing one\n\nwork on the current change (see also: git help everyday)\n   add        Add file contents to the index\n   mv         Move or rename a file, a directory, or a symlink\n   restore    Restore working tree files\n   rm         Remove files from the working tree and from the index\n\nexamine the history and state (see also: git help revisions)\n   bisect     Use binary search to find the commit that introduced a bug\n   diff       Show changes between commits, commit and working tree, etc\n   grep       Print lines matching a pattern\n   log        Show commit logs\n   show       Show various types of objects\n   status     Show the working tree status\n\ngrow, mark and tweak your common history\n   backfill   Download missing objects in a partial clone\n   branch     List, create, or delete branches\n   commit     Record changes to the repository\n   merge      Join two or more development histories together\n   rebase     Reapply commits on top of another base tip\n   reset      Reset current HEAD to the specified state\n   switch     Switch branches\n   tag        Create, list, delete or verify a tag object signed with GPG\n\ncollaborate (see also: git help workflows)\n   fetch      Download objects and refs from another repository\n   pull       Fetch from and integrate with another repository or a local branch\n   push       Update remote refs along with associated objects\n\n'git help -a' and 'git help -g' list available subcommands and some\nconcept guides. See 'git help <command>' or 'git help <concept>'\nto read about a specific subcommand or concept.\nSee 'git help git' for an overview of the system.\n""
[0m20:21:36.218309 [debug] [MainThread]: STDERR: "b''"
[0m20:21:36.218727 [info ] [MainThread]:  - git [[32mOK found[0m]

[0m20:21:36.219208 [info ] [MainThread]: Connection:
[0m20:21:36.219738 [info ] [MainThread]:   account: KDAVVON-IK17339
[0m20:21:36.220244 [info ] [MainThread]:   user: dbt
[0m20:21:36.220672 [info ] [MainThread]:   database: AIRBNB
[0m20:21:36.221119 [info ] [MainThread]:   warehouse: COMPUTE_WH
[0m20:21:36.221571 [info ] [MainThread]:   role: transform
[0m20:21:36.222033 [info ] [MainThread]:   schema: DEV
[0m20:21:36.222462 [info ] [MainThread]:   authenticator: None
[0m20:21:36.222914 [info ] [MainThread]:   oauth_client_id: None
[0m20:21:36.223325 [info ] [MainThread]:   query_tag: None
[0m20:21:36.223735 [info ] [MainThread]:   client_session_keep_alive: False
[0m20:21:36.224144 [info ] [MainThread]:   host: None
[0m20:21:36.224557 [info ] [MainThread]:   port: None
[0m20:21:36.224984 [info ] [MainThread]:   proxy_host: None
[0m20:21:36.225455 [info ] [MainThread]:   proxy_port: None
[0m20:21:36.225863 [info ] [MainThread]:   protocol: None
[0m20:21:36.226272 [info ] [MainThread]:   connect_retries: 1
[0m20:21:36.226691 [info ] [MainThread]:   connect_timeout: None
[0m20:21:36.227154 [info ] [MainThread]:   retry_on_database_errors: False
[0m20:21:36.227654 [info ] [MainThread]:   retry_all: False
[0m20:21:36.228092 [info ] [MainThread]:   insecure_mode: False
[0m20:21:36.228650 [info ] [MainThread]:   reuse_connections: True
[0m20:21:36.229584 [info ] [MainThread]: Registered adapter: snowflake=1.9.0
[0m20:21:36.630046 [debug] [MainThread]: Acquiring new snowflake connection 'debug'
[0m20:21:39.198448 [debug] [MainThread]: Using snowflake connection "debug"
[0m20:21:39.198839 [debug] [MainThread]: On debug: select 1 as id
[0m20:21:39.199119 [debug] [MainThread]: Opening a new connection, currently in state init
[0m20:21:40.262685 [debug] [MainThread]: SQL status: SUCCESS 1 in 1.063 seconds
[0m20:21:40.263626 [info ] [MainThread]:   Connection test: [[32mOK connection ok[0m]

[0m20:21:40.264106 [info ] [MainThread]: [31m1 check failed:[0m
[0m20:21:40.264636 [info ] [MainThread]: Project loading failed for the following reason:
 project path <S:\data-analytics\DBT\dbt_project.yml> not found

[0m20:21:40.265740 [debug] [MainThread]: Command `dbt debug` failed at 20:21:40.265627 after 5.14 seconds
[0m20:21:40.266042 [debug] [MainThread]: Connection 'debug' was left open.
[0m20:21:40.266313 [debug] [MainThread]: On debug: Close
[0m20:21:40.364604 [debug] [MainThread]: Sending event: {'category': 'dbt', 'action': 'invocation', 'label': 'end', 'context': [<snowplow_tracker.self_describing_json.SelfDescribingJson object at 0x000002CFA7C72780>, <snowplow_tracker.self_describing_json.SelfDescribingJson object at 0x000002CFA7CB27B0>, <snowplow_tracker.self_describing_json.SelfDescribingJson object at 0x000002CFA6BDEE00>]}
[0m20:21:40.365058 [debug] [MainThread]: Flushing usage events
[0m20:21:41.288608 [debug] [MainThread]: An error was encountered while trying to flush usage events
